<?xml version="1.0" encoding="UTF-8"?>
<testng-results skipped="0" failed="0" ignored="0" total="0" passed="0">
  <reporter-output>
  </reporter-output>
  <suite name="cucumber.Options.TestRunner" duration-ms="9" started-at="2020-09-06T19:24:26 AEST" finished-at="2020-09-06T19:24:26 AEST">
    <groups>
    </groups>
    <test name="Command line test" duration-ms="9" started-at="2020-09-06T19:24:26 AEST" finished-at="2020-09-06T19:24:26 AEST">
    </test> <!-- Command line test -->
  </suite> <!-- cucumber.Options.TestRunner -->
</testng-results>
